2017-08-29 10:42:22,180  INFO  User admin@admin.com log in

2017-08-29 11:17:55,155  INFO  User admin@admin.com log out

2017-08-29 11:18:07,999  INFO  User test@test.test log in

2017-08-29 12:36:47,268  INFO  User test@test.test log out

2017-08-29 12:36:53,491  INFO  User test@test.test log out

2017-08-29 12:37:01,000  INFO  User admin@admin.com log in

2017-08-29 12:37:54,669  INFO  User admin@admin.com log out

2017-08-29 12:39:43,732  ERROR 

System.Web.HttpException (0x80004005): The file "~/Views/Account/Login.cshtml" cannot be requested directly because it calls the "RenderSection" method.
   at System.Web.WebPages.WebPageBase.EnsurePageCanBeRequestedDirectly(String methodName)
   at System.Web.WebPages.WebPageBase.RenderSection(String name, Boolean required)
   at ASP._Page_Views_Account_Login_cshtml.Execute() in C:\Users\Andrey_Sobko\Documents\Visual Studio 2015\Projects\SimpleCRUD2\EPAM-first-task\SimpleCRUD2\Views\Account\Login.cshtml:line 50
   at System.Web.WebPages.WebPageBase.ExecutePageHierarchy()
   at System.Web.Mvc.WebViewPage.ExecutePageHierarchy()
   at System.Web.WebPages.StartPage.RunPage()
   at System.Web.WebPages.StartPage.ExecutePageHierarchy()
   at System.Web.WebPages.WebPageBase.ExecutePageHierarchy(WebPageContext pageContext, TextWriter writer, WebPageRenderingBase startPage)
   at System.Web.Mvc.RazorView.RenderView(ViewContext viewContext, TextWriter writer, Object instance)
   at System.Web.Mvc.BuildManagerCompiledView.Render(ViewContext viewContext, TextWriter writer)
   at System.Web.Mvc.ViewResultBase.ExecuteResult(ControllerContext context)
   at System.Web.Mvc.ControllerActionInvoker.InvokeActionResult(ControllerContext controllerContext, ActionResult actionResult)
   at System.Web.Mvc.ControllerActionInvoker.InvokeActionResultFilterRecursive(IList`1 filters, Int32 filterIndex, ResultExecutingContext preContext, ControllerContext controllerContext, ActionResult actionResult)
   at System.Web.Mvc.ControllerActionInvoker.InvokeActionResultFilterRecursive(IList`1 filters, Int32 filterIndex, ResultExecutingContext preContext, ControllerContext controllerContext, ActionResult actionResult)
   at System.Web.Mvc.ControllerActionInvoker.InvokeActionResultWithFilters(ControllerContext controllerContext, IList`1 filters, ActionResult actionResult)
   at System.Web.Mvc.Async.AsyncControllerActionInvoker.<>c__DisplayClass21.<>c__DisplayClass2b.<BeginInvokeAction>b__1c()
   at System.Web.Mvc.Async.AsyncControllerActionInvoker.<>c__DisplayClass21.<BeginInvokeAction>b__1e(IAsyncResult asyncResult)
2017-08-29 12:41:16,997  INFO  User admin@admin.com log in

2017-08-29 14:40:32,452  INFO  User admin@admin.com log out

2017-08-29 14:40:40,450  INFO  User admin@admin.com log in

2017-08-29 14:54:28,829  INFO  User admin@admin.com log out

2017-08-29 14:54:34,949  INFO  User admin@admin.com log in

2017-08-29 14:54:44,745  INFO  User admin@admin.com log out

2017-08-29 14:54:49,920  INFO  User test@test.test log in

2017-08-29 14:54:57,714  INFO  User test@test.test log out

2017-08-29 14:55:06,960  INFO  User admin@admin.com log in

2017-08-29 14:55:32,821  INFO  User admin@admin.com log out

2017-08-29 14:55:37,919  INFO  User test@test.test log in

2017-08-29 15:02:42,766  INFO  User test@test.test log out

2017-08-29 15:02:48,682  INFO  User admin@admin.com log in

